[dotenv@17.2.3] injecting env (4) from ..\.env -- tip: ⚙️  override existing env vars with { override: true }
[dotenv@17.2.3] injecting env (0) from ..\.env -- tip: 🔐 prevent building .env in docker: https://dotenvx.com/prebuild
[dotenv@17.2.3] injecting env (1) from ..\..\.env.superadmin -- tip: 🗂️ backup and recover secrets: https://dotenvx.com/ops
API ativa na porta 3000
prisma:error 
Invalid `prisma.user.create()` invocation in
C:\AXIS\apps\api\src\modules\tenant\controllers\users.controller.ts:115:36

  112 const mustChangePasswordFlag = isBootstrap ? false : mustChangePassword ?? false;
  113 const supervisorPin = await normalizeSupervisorPin(pinSupervisor);
  114 
→ 115 const user = await prisma.user.create(
Unique constraint failed on the fields: (`tenantId`,`email`)
prisma:error 
Invalid `prisma.user.create()` invocation in
C:\AXIS\apps\api\src\modules\tenant\controllers\users.controller.ts:115:36

  112 const mustChangePasswordFlag = isBootstrap ? false : mustChangePassword ?? false;
  113 const supervisorPin = await normalizeSupervisorPin(pinSupervisor);
  114 
→ 115 const user = await prisma.user.create(
Unique constraint failed on the fields: (`tenantId`,`email`)
prisma:error 
Invalid `prisma.product.update()` invocation in
C:\AXIS\apps\api\src\products\service.ts:50:25

  47 const cost = data.cost ? String(data.cost).replace(",", ".") : undefined;
  48 const minStock = data.minStock ? String(data.minStock).replace(",", ".") : undefined;
  49 
→ 50 return prisma.product.update(
Unique constraint failed on the fields: (`tenantId`,`sku`)
prisma:error 
Invalid `prisma.inventory.upsert()` invocation in
C:\AXIS\apps\api\src\stock\service.ts:146:27

  143 }
  144 
  145 export async function initializeInventory(tenantId: string, productId: string, locationId: string) {
→ 146   return prisma.inventory.upsert({
          where: {
            tenantId_productId_locationId: {
              tenantId: "cmhzu5gzn00016mv89p1q15rb",
              productId: "cmhzu94vh000w6mv8qs5dh8dz",
              locationId: "cmhzu833z000o6mv8i2cl6eup"
            }
          },
          create: {
            tenantId: "cmhzu5gzn00016mv89p1q15rb",
            productId: "cmhzu94vh000w6mv8qs5dh8dz",
            locationId: "cmhzu833z000o6mv8i2cl6eup",
            quantity: new Prisma.Decimal("0")
          },
          update: {},
          data: {
          ~~~~
            tenantId: "cmhzu5gzn00016mv89p1q15rb"
          }
        })

Unknown argument `data`. Did you mean `update`? Available options are marked with ?.
prisma:error 
Invalid `prisma.cashSession.findFirst()` invocation in
C:\AXIS\apps\api\src\cash\routes.ts:103:45

  100 const { openingCents, notes } = openSchema.parse(req.body);
  101 const tenantId = req.tenantId!;
  102 
→ 103 const existing = await prisma.cashSession.findFirst(
The column `CashSession.closedByUserId` does not exist in the current database.
